<?xml version="1.0" encoding="UTF-8"?>
<testsuite xmlns:xsi="http://www.w3.org/2001/XMLSchema-instance" xsi:noNamespaceSchemaLocation="https://maven.apache.org/surefire/maven-surefire-plugin/xsd/surefire-test-report-3.0.xsd" version="3.0" name="com.iot.dashboard.UpdateGadgetStatusTest" time="0.061" tests="1" errors="0" skipped="0" failures="0">
  <properties>
[...]
</properties>
  <testcase name="testApplyStatusUpdatesDB" classname="com.iot.dashboard.UpdateGadgetStatusTest" time="0.057">
    <system-out><![CDATA[Device unreachable (localhost:9001): Connection refused: getsockopt
Warning: device did not confirm status change (or unreachable). Updating DB anyway.
Status updated in DB and telemetry written to DynamoDB.
]]></system-out>
  </testcase>
</testsuite>